[2025-02-20T09:33:21.385+0000] {local_task_job_runner.py:123} INFO - ::group::Pre task execution logs
[2025-02-20T09:33:21.396+0000] {taskinstance.py:2613} INFO - Dependencies all met for dep_context=non-requeueable deps ti=<TaskInstance: etl_process.Load_time_dim_table scheduled__2025-02-20T08:00:00+00:00 [queued]>
[2025-02-20T09:33:21.403+0000] {taskinstance.py:2613} INFO - Dependencies all met for dep_context=requeueable deps ti=<TaskInstance: etl_process.Load_time_dim_table scheduled__2025-02-20T08:00:00+00:00 [queued]>
[2025-02-20T09:33:21.403+0000] {taskinstance.py:2866} INFO - Starting attempt 1 of 4
[2025-02-20T09:33:21.414+0000] {taskinstance.py:2889} INFO - Executing <Task(LoadDimensionOperator): Load_time_dim_table> on 2025-02-20 08:00:00+00:00
[2025-02-20T09:33:21.421+0000] {logging_mixin.py:190} WARNING - /home/teesta/airflow/venv/lib/python3.12/site-packages/airflow/task/task_runner/standard_task_runner.py:70 DeprecationWarning: This process (pid=2759547) is multi-threaded, use of fork() may lead to deadlocks in the child.
[2025-02-20T09:33:21.421+0000] {standard_task_runner.py:104} INFO - Running: ['airflow', 'tasks', 'run', 'etl_process', 'Load_time_dim_table', 'scheduled__2025-02-20T08:00:00+00:00', '--job-id', '2174', '--raw', '--subdir', 'DAGS_FOLDER/project_etl.py', '--cfg-path', '/tmp/tmpyd7i8yji']
[2025-02-20T09:33:21.422+0000] {standard_task_runner.py:72} INFO - Started process 2759663 to run task
[2025-02-20T09:33:21.422+0000] {standard_task_runner.py:105} INFO - Job 2174: Subtask Load_time_dim_table
[2025-02-20T09:33:21.456+0000] {task_command.py:467} INFO - Running <TaskInstance: etl_process.Load_time_dim_table scheduled__2025-02-20T08:00:00+00:00 [running]> on host teesta
[2025-02-20T09:33:21.779+0000] {taskinstance.py:3132} INFO - Exporting env vars: AIRFLOW_CTX_DAG_OWNER='Shubham' AIRFLOW_CTX_DAG_ID='etl_process' AIRFLOW_CTX_TASK_ID='Load_time_dim_table' AIRFLOW_CTX_EXECUTION_DATE='2025-02-20T08:00:00+00:00' AIRFLOW_CTX_TRY_NUMBER='1' AIRFLOW_CTX_DAG_RUN_ID='scheduled__2025-02-20T08:00:00+00:00'
[2025-02-20T09:33:21.780+0000] {taskinstance.py:731} INFO - ::endgroup::
[2025-02-20T09:33:21.782+0000] {load_dimension.py:28} INFO - 

### Deleting data from Dimensional Table
[2025-02-20T09:33:21.787+0000] {base.py:84} INFO - Retrieving connection 'redshift'
[2025-02-20T09:33:23.615+0000] {sql.py:553} INFO - Running statement: TRUNCATE time, parameters: None
[2025-02-20T09:33:25.448+0000] {load_dimension.py:31} INFO - 

### Loading Dimensional Table
[2025-02-20T09:33:27.241+0000] {sql.py:553} INFO - Running statement: INSERT INTO time 
        SELECT start_time, extract(hour from start_time), extract(day from start_time), extract(week from start_time), 
               extract(month from start_time), extract(year from start_time), extract(dayofweek from start_time)
        FROM songplays
    , parameters: None
[2025-02-20T09:33:28.256+0000] {sql.py:562} INFO - Rows affected: 6820
[2025-02-20T09:33:29.276+0000] {taskinstance.py:340} INFO - ::group::Post task execution logs
[2025-02-20T09:33:29.276+0000] {taskinstance.py:352} INFO - Marking task as SUCCESS. dag_id=etl_process, task_id=Load_time_dim_table, run_id=scheduled__2025-02-20T08:00:00+00:00, execution_date=20250220T080000, start_date=20250220T093321, end_date=20250220T093329
[2025-02-20T09:33:29.330+0000] {local_task_job_runner.py:266} INFO - Task exited with return code 0
[2025-02-20T09:33:29.348+0000] {taskinstance.py:3895} INFO - 0 downstream tasks scheduled from follow-on schedule check
[2025-02-20T09:33:29.348+0000] {local_task_job_runner.py:245} INFO - ::endgroup::
