[2025-02-20T09:04:22.209+0000] {local_task_job_runner.py:123} INFO - ::group::Pre task execution logs
[2025-02-20T09:04:22.218+0000] {taskinstance.py:2613} INFO - Dependencies all met for dep_context=non-requeueable deps ti=<TaskInstance: create_tables_dag.create_time_table manual__2025-02-20T09:04:04.187341+00:00 [queued]>
[2025-02-20T09:04:22.226+0000] {taskinstance.py:2613} INFO - Dependencies all met for dep_context=requeueable deps ti=<TaskInstance: create_tables_dag.create_time_table manual__2025-02-20T09:04:04.187341+00:00 [queued]>
[2025-02-20T09:04:22.226+0000] {taskinstance.py:2866} INFO - Starting attempt 1 of 4
[2025-02-20T09:04:22.237+0000] {taskinstance.py:2889} INFO - Executing <Task(SQLExecuteQueryOperator): create_time_table> on 2025-02-20 09:04:04.187341+00:00
[2025-02-20T09:04:22.243+0000] {logging_mixin.py:190} WARNING - /home/teesta/airflow/venv/lib/python3.12/site-packages/airflow/task/task_runner/standard_task_runner.py:70 DeprecationWarning: This process (pid=1374126) is multi-threaded, use of fork() may lead to deadlocks in the child.
[2025-02-20T09:04:22.244+0000] {standard_task_runner.py:72} INFO - Started process 1374236 to run task
[2025-02-20T09:04:22.243+0000] {standard_task_runner.py:104} INFO - Running: ['airflow', 'tasks', 'run', 'create_tables_dag', 'create_time_table', 'manual__2025-02-20T09:04:04.187341+00:00', '--job-id', '2164', '--raw', '--subdir', 'DAGS_FOLDER/create_tables_dag.py', '--cfg-path', '/tmp/tmp91_t_s_0']
[2025-02-20T09:04:22.244+0000] {standard_task_runner.py:105} INFO - Job 2164: Subtask create_time_table
[2025-02-20T09:04:22.273+0000] {task_command.py:467} INFO - Running <TaskInstance: create_tables_dag.create_time_table manual__2025-02-20T09:04:04.187341+00:00 [running]> on host teesta
[2025-02-20T09:04:22.336+0000] {taskinstance.py:3132} INFO - Exporting env vars: AIRFLOW_CTX_DAG_OWNER='airflow' AIRFLOW_CTX_DAG_ID='create_tables_dag' AIRFLOW_CTX_TASK_ID='create_time_table' AIRFLOW_CTX_EXECUTION_DATE='2025-02-20T09:04:04.187341+00:00' AIRFLOW_CTX_TRY_NUMBER='1' AIRFLOW_CTX_DAG_RUN_ID='manual__2025-02-20T09:04:04.187341+00:00'
[2025-02-20T09:04:22.337+0000] {taskinstance.py:731} INFO - ::endgroup::
[2025-02-20T09:04:22.351+0000] {sql.py:278} INFO - Executing: 
CREATE TABLE public."time" (
	start_time timestamp NOT NULL,
	"hour" int4,
	"day" int4,
	week int4,
	"month" varchar(256),
	"year" int4,
	weekday varchar(256),
	CONSTRAINT time_pkey PRIMARY KEY (start_time)
);
[2025-02-20T09:04:22.356+0000] {base.py:84} INFO - Retrieving connection 'redshift'
[2025-02-20T09:04:22.507+0000] {base.py:84} INFO - Retrieving connection 'redshift'
[2025-02-20T09:04:24.125+0000] {sql.py:553} INFO - Running statement: 
CREATE TABLE public."time" (
	start_time timestamp NOT NULL,
	"hour" int4,
	"day" int4,
	week int4,
	"month" varchar(256),
	"year" int4,
	weekday varchar(256),
	CONSTRAINT time_pkey PRIMARY KEY (start_time)
);, parameters: None
[2025-02-20T09:04:26.878+0000] {taskinstance.py:340} INFO - ::group::Post task execution logs
[2025-02-20T09:04:26.878+0000] {taskinstance.py:352} INFO - Marking task as SUCCESS. dag_id=create_tables_dag, task_id=create_time_table, run_id=manual__2025-02-20T09:04:04.187341+00:00, execution_date=20250220T090404, start_date=20250220T090422, end_date=20250220T090426
[2025-02-20T09:04:26.908+0000] {local_task_job_runner.py:266} INFO - Task exited with return code 0
[2025-02-20T09:04:26.927+0000] {taskinstance.py:3895} INFO - 1 downstream tasks scheduled from follow-on schedule check
[2025-02-20T09:04:26.930+0000] {local_task_job_runner.py:245} INFO - ::endgroup::
