[2025-02-20T08:52:40.895+0000] {local_task_job_runner.py:123} INFO - ::group::Pre task execution logs
[2025-02-20T08:52:40.905+0000] {taskinstance.py:2613} INFO - Dependencies all met for dep_context=non-requeueable deps ti=<TaskInstance: create_tables_dag.create_songplays_table manual__2025-02-20T08:52:33.272398+00:00 [queued]>
[2025-02-20T08:52:40.912+0000] {taskinstance.py:2613} INFO - Dependencies all met for dep_context=requeueable deps ti=<TaskInstance: create_tables_dag.create_songplays_table manual__2025-02-20T08:52:33.272398+00:00 [queued]>
[2025-02-20T08:52:40.912+0000] {taskinstance.py:2866} INFO - Starting attempt 1 of 4
[2025-02-20T08:52:40.924+0000] {taskinstance.py:2889} INFO - Executing <Task(SQLExecuteQueryOperator): create_songplays_table> on 2025-02-20 08:52:33.272398+00:00
[2025-02-20T08:52:40.930+0000] {logging_mixin.py:190} WARNING - /home/teesta/airflow/venv/lib/python3.12/site-packages/airflow/task/task_runner/standard_task_runner.py:70 DeprecationWarning: This process (pid=847838) is multi-threaded, use of fork() may lead to deadlocks in the child.
[2025-02-20T08:52:40.930+0000] {standard_task_runner.py:72} INFO - Started process 847945 to run task
[2025-02-20T08:52:40.930+0000] {standard_task_runner.py:104} INFO - Running: ['airflow', 'tasks', 'run', 'create_tables_dag', 'create_songplays_table', 'manual__2025-02-20T08:52:33.272398+00:00', '--job-id', '2113', '--raw', '--subdir', 'DAGS_FOLDER/create_tables_dag.py', '--cfg-path', '/tmp/tmp33z78h65']
[2025-02-20T08:52:40.931+0000] {standard_task_runner.py:105} INFO - Job 2113: Subtask create_songplays_table
[2025-02-20T08:52:40.961+0000] {task_command.py:467} INFO - Running <TaskInstance: create_tables_dag.create_songplays_table manual__2025-02-20T08:52:33.272398+00:00 [running]> on host teesta
[2025-02-20T08:52:41.015+0000] {taskinstance.py:3132} INFO - Exporting env vars: AIRFLOW_CTX_DAG_OWNER='airflow' AIRFLOW_CTX_DAG_ID='create_tables_dag' AIRFLOW_CTX_TASK_ID='create_songplays_table' AIRFLOW_CTX_EXECUTION_DATE='2025-02-20T08:52:33.272398+00:00' AIRFLOW_CTX_TRY_NUMBER='1' AIRFLOW_CTX_DAG_RUN_ID='manual__2025-02-20T08:52:33.272398+00:00'
[2025-02-20T08:52:41.016+0000] {taskinstance.py:731} INFO - ::endgroup::
[2025-02-20T08:52:41.030+0000] {sql.py:278} INFO - Executing: 
CREATE TABLE public.songplays (
	playid varchar(32) NOT NULL,
	start_time timestamp NOT NULL,
	userid int4 NOT NULL,
	"level" varchar(256),
	songid varchar(256),
	artistid varchar(256),
	sessionid int4,
	location varchar(256),
	user_agent varchar(256),
	CONSTRAINT songplays_pkey PRIMARY KEY (playid)
);
[2025-02-20T08:52:41.035+0000] {base.py:84} INFO - Retrieving connection 'redshift'
[2025-02-20T08:52:41.185+0000] {base.py:84} INFO - Retrieving connection 'redshift'
[2025-02-20T08:52:42.752+0000] {sql.py:553} INFO - Running statement: 
CREATE TABLE public.songplays (
	playid varchar(32) NOT NULL,
	start_time timestamp NOT NULL,
	userid int4 NOT NULL,
	"level" varchar(256),
	songid varchar(256),
	artistid varchar(256),
	sessionid int4,
	location varchar(256),
	user_agent varchar(256),
	CONSTRAINT songplays_pkey PRIMARY KEY (playid)
);, parameters: None
[2025-02-20T08:52:45.060+0000] {taskinstance.py:340} INFO - ::group::Post task execution logs
[2025-02-20T08:52:45.061+0000] {taskinstance.py:352} INFO - Marking task as SUCCESS. dag_id=create_tables_dag, task_id=create_songplays_table, run_id=manual__2025-02-20T08:52:33.272398+00:00, execution_date=20250220T085233, start_date=20250220T085240, end_date=20250220T085245
[2025-02-20T08:52:45.113+0000] {local_task_job_runner.py:266} INFO - Task exited with return code 0
[2025-02-20T08:52:45.130+0000] {taskinstance.py:3895} INFO - 1 downstream tasks scheduled from follow-on schedule check
[2025-02-20T08:52:45.133+0000] {local_task_job_runner.py:245} INFO - ::endgroup::
