[2025-02-20T09:33:34.402+0000] {local_task_job_runner.py:123} INFO - ::group::Pre task execution logs
[2025-02-20T09:33:34.415+0000] {taskinstance.py:2613} INFO - Dependencies all met for dep_context=non-requeueable deps ti=<TaskInstance: etl_process.Run_data_quality_checks scheduled__2025-02-20T08:00:00+00:00 [queued]>
[2025-02-20T09:33:34.423+0000] {taskinstance.py:2613} INFO - Dependencies all met for dep_context=requeueable deps ti=<TaskInstance: etl_process.Run_data_quality_checks scheduled__2025-02-20T08:00:00+00:00 [queued]>
[2025-02-20T09:33:34.423+0000] {taskinstance.py:2866} INFO - Starting attempt 1 of 4
[2025-02-20T09:33:34.437+0000] {taskinstance.py:2889} INFO - Executing <Task(DataQualityOperator): Run_data_quality_checks> on 2025-02-20 08:00:00+00:00
[2025-02-20T09:33:34.444+0000] {logging_mixin.py:190} WARNING - /home/teesta/airflow/venv/lib/python3.12/site-packages/airflow/task/task_runner/standard_task_runner.py:70 DeprecationWarning: This process (pid=2769571) is multi-threaded, use of fork() may lead to deadlocks in the child.
[2025-02-20T09:33:34.444+0000] {standard_task_runner.py:104} INFO - Running: ['airflow', 'tasks', 'run', 'etl_process', 'Run_data_quality_checks', 'scheduled__2025-02-20T08:00:00+00:00', '--job-id', '2178', '--raw', '--subdir', 'DAGS_FOLDER/project_etl.py', '--cfg-path', '/tmp/tmp58upvf7q']
[2025-02-20T09:33:34.445+0000] {standard_task_runner.py:105} INFO - Job 2178: Subtask Run_data_quality_checks
[2025-02-20T09:33:34.445+0000] {standard_task_runner.py:72} INFO - Started process 2769672 to run task
[2025-02-20T09:33:34.476+0000] {task_command.py:467} INFO - Running <TaskInstance: etl_process.Run_data_quality_checks scheduled__2025-02-20T08:00:00+00:00 [running]> on host teesta
[2025-02-20T09:33:34.534+0000] {taskinstance.py:3132} INFO - Exporting env vars: AIRFLOW_CTX_DAG_OWNER='Shubham' AIRFLOW_CTX_DAG_ID='etl_process' AIRFLOW_CTX_TASK_ID='Run_data_quality_checks' AIRFLOW_CTX_EXECUTION_DATE='2025-02-20T08:00:00+00:00' AIRFLOW_CTX_TRY_NUMBER='1' AIRFLOW_CTX_DAG_RUN_ID='scheduled__2025-02-20T08:00:00+00:00'
[2025-02-20T09:33:34.535+0000] {taskinstance.py:731} INFO - ::endgroup::
[2025-02-20T09:33:34.537+0000] {data_quality.py:28} INFO - 

############ DATA QUALITY COUNT CHECKS ############
[2025-02-20T09:33:34.542+0000] {base.py:84} INFO - Retrieving connection 'redshift'
[2025-02-20T09:33:36.435+0000] {sql.py:553} INFO - Running statement: 
        SELECT COUNT(*) FROM songplays;
    , parameters: None
[2025-02-20T09:33:37.093+0000] {sql.py:562} INFO - Rows affected: 1
[2025-02-20T09:33:37.358+0000] {data_quality.py:36} INFO - Data quality on query 
        SELECT COUNT(*) FROM songplays;
     check passed with 6820 records


[2025-02-20T09:33:39.167+0000] {sql.py:553} INFO - Running statement: 
        SELECT COUNT(*) FROM users;
    , parameters: None
[2025-02-20T09:33:39.681+0000] {sql.py:562} INFO - Rows affected: 1
[2025-02-20T09:33:39.926+0000] {data_quality.py:36} INFO - Data quality on query 
        SELECT COUNT(*) FROM users;
     check passed with 104 records


[2025-02-20T09:33:41.800+0000] {sql.py:553} INFO - Running statement: 
        SELECT COUNT(*) FROM songs;
    , parameters: None
[2025-02-20T09:33:42.348+0000] {sql.py:562} INFO - Rows affected: 1
[2025-02-20T09:33:42.612+0000] {data_quality.py:36} INFO - Data quality on query 
        SELECT COUNT(*) FROM songs;
     check passed with 14896 records


[2025-02-20T09:33:44.303+0000] {sql.py:553} INFO - Running statement: 
        SELECT COUNT(*) FROM artists;
    , parameters: None
[2025-02-20T09:33:44.798+0000] {sql.py:562} INFO - Rows affected: 1
[2025-02-20T09:33:45.035+0000] {data_quality.py:36} INFO - Data quality on query 
        SELECT COUNT(*) FROM artists;
     check passed with 10025 records


[2025-02-20T09:33:46.847+0000] {sql.py:553} INFO - Running statement: 
        SELECT COUNT(*) FROM time;
    , parameters: None
[2025-02-20T09:33:47.378+0000] {sql.py:562} INFO - Rows affected: 1
[2025-02-20T09:33:47.632+0000] {data_quality.py:36} INFO - Data quality on query 
        SELECT COUNT(*) FROM time;
     check passed with 6820 records


[2025-02-20T09:33:47.632+0000] {data_quality.py:42} INFO - 

############ DATA QUALITY NULL CHECKS ############
[2025-02-20T09:33:49.472+0000] {sql.py:553} INFO - Running statement: 
        SELECT COUNT(*) FROM songplays
                WHERE playid IS NULL OR
                      start_time IS NULL OR
                      userid IS NULL;
    , parameters: None
[2025-02-20T09:33:49.995+0000] {sql.py:562} INFO - Rows affected: 1
[2025-02-20T09:33:50.252+0000] {data_quality.py:52} INFO - Data quality on query 
        SELECT COUNT(*) FROM songplays
                WHERE playid IS NULL OR
                      start_time IS NULL OR
                      userid IS NULL;
     check for NULL values passed with non-NULL values


[2025-02-20T09:33:52.102+0000] {sql.py:553} INFO - Running statement: 
        SELECT COUNT(*) FROM users WHERE userid IS NULL;
    , parameters: None
[2025-02-20T09:33:52.627+0000] {sql.py:562} INFO - Rows affected: 1
[2025-02-20T09:33:52.885+0000] {data_quality.py:52} INFO - Data quality on query 
        SELECT COUNT(*) FROM users WHERE userid IS NULL;
     check for NULL values passed with non-NULL values


[2025-02-20T09:33:54.713+0000] {sql.py:553} INFO - Running statement: 
        SELECT COUNT(*) FROM songs WHERE songid IS NULL;
    , parameters: None
[2025-02-20T09:33:55.232+0000] {sql.py:562} INFO - Rows affected: 1
[2025-02-20T09:33:55.488+0000] {data_quality.py:52} INFO - Data quality on query 
        SELECT COUNT(*) FROM songs WHERE songid IS NULL;
     check for NULL values passed with non-NULL values


[2025-02-20T09:33:57.221+0000] {sql.py:553} INFO - Running statement: 
        SELECT COUNT(*) FROM artists WHERE artistid IS NULL;
    , parameters: None
[2025-02-20T09:33:57.711+0000] {sql.py:562} INFO - Rows affected: 1
[2025-02-20T09:33:57.954+0000] {data_quality.py:52} INFO - Data quality on query 
        SELECT COUNT(*) FROM artists WHERE artistid IS NULL;
     check for NULL values passed with non-NULL values


[2025-02-20T09:33:59.633+0000] {sql.py:553} INFO - Running statement: 
        SELECT COUNT(*) FROM time WHERE start_time IS NULL;
    , parameters: None
[2025-02-20T09:34:00.109+0000] {sql.py:562} INFO - Rows affected: 1
[2025-02-20T09:34:00.344+0000] {data_quality.py:52} INFO - Data quality on query 
        SELECT COUNT(*) FROM time WHERE start_time IS NULL;
     check for NULL values passed with non-NULL values


[2025-02-20T09:34:00.349+0000] {taskinstance.py:340} INFO - ::group::Post task execution logs
[2025-02-20T09:34:00.349+0000] {taskinstance.py:352} INFO - Marking task as SUCCESS. dag_id=etl_process, task_id=Run_data_quality_checks, run_id=scheduled__2025-02-20T08:00:00+00:00, execution_date=20250220T080000, start_date=20250220T093334, end_date=20250220T093400
[2025-02-20T09:34:00.386+0000] {local_task_job_runner.py:266} INFO - Task exited with return code 0
[2025-02-20T09:34:00.396+0000] {taskinstance.py:3895} INFO - 0 downstream tasks scheduled from follow-on schedule check
[2025-02-20T09:34:00.397+0000] {local_task_job_runner.py:245} INFO - ::endgroup::
