[2025-02-20T09:33:13.362+0000] {local_task_job_runner.py:123} INFO - ::group::Pre task execution logs
[2025-02-20T09:33:13.372+0000] {taskinstance.py:2613} INFO - Dependencies all met for dep_context=non-requeueable deps ti=<TaskInstance: etl_process.Load_songplays_fact_table scheduled__2025-02-20T08:00:00+00:00 [queued]>
[2025-02-20T09:33:13.380+0000] {taskinstance.py:2613} INFO - Dependencies all met for dep_context=requeueable deps ti=<TaskInstance: etl_process.Load_songplays_fact_table scheduled__2025-02-20T08:00:00+00:00 [queued]>
[2025-02-20T09:33:13.380+0000] {taskinstance.py:2866} INFO - Starting attempt 1 of 4
[2025-02-20T09:33:13.393+0000] {taskinstance.py:2889} INFO - Executing <Task(LoadFactOperator): Load_songplays_fact_table> on 2025-02-20 08:00:00+00:00
[2025-02-20T09:33:13.400+0000] {logging_mixin.py:190} WARNING - /home/teesta/airflow/venv/lib/python3.12/site-packages/airflow/task/task_runner/standard_task_runner.py:70 DeprecationWarning: This process (pid=2753324) is multi-threaded, use of fork() may lead to deadlocks in the child.
[2025-02-20T09:33:13.400+0000] {standard_task_runner.py:104} INFO - Running: ['airflow', 'tasks', 'run', 'etl_process', 'Load_songplays_fact_table', 'scheduled__2025-02-20T08:00:00+00:00', '--job-id', '2173', '--raw', '--subdir', 'DAGS_FOLDER/project_etl.py', '--cfg-path', '/tmp/tmp8w0qes04']
[2025-02-20T09:33:13.401+0000] {standard_task_runner.py:72} INFO - Started process 2753471 to run task
[2025-02-20T09:33:13.401+0000] {standard_task_runner.py:105} INFO - Job 2173: Subtask Load_songplays_fact_table
[2025-02-20T09:33:13.434+0000] {task_command.py:467} INFO - Running <TaskInstance: etl_process.Load_songplays_fact_table scheduled__2025-02-20T08:00:00+00:00 [running]> on host teesta
[2025-02-20T09:33:13.687+0000] {taskinstance.py:3132} INFO - Exporting env vars: AIRFLOW_CTX_DAG_OWNER='Shubham' AIRFLOW_CTX_DAG_ID='etl_process' AIRFLOW_CTX_TASK_ID='Load_songplays_fact_table' AIRFLOW_CTX_EXECUTION_DATE='2025-02-20T08:00:00+00:00' AIRFLOW_CTX_TRY_NUMBER='1' AIRFLOW_CTX_DAG_RUN_ID='scheduled__2025-02-20T08:00:00+00:00'
[2025-02-20T09:33:13.688+0000] {taskinstance.py:731} INFO - ::endgroup::
[2025-02-20T09:33:13.689+0000] {load_fact.py:26} INFO - 

### Loading Fact Table
[2025-02-20T09:33:13.694+0000] {base.py:84} INFO - Retrieving connection 'redshift'
[2025-02-20T09:33:15.472+0000] {sql.py:553} INFO - Running statement: INSERT INTO songplays 
        SELECT
                md5(events.sessionid || events.start_time) songplay_id,
                events.start_time, 
                events.userid, 
                events.level, 
                songs.song_id, 
                songs.artist_id, 
                events.sessionid, 
                events.location, 
                events.useragent
                FROM (SELECT TIMESTAMP 'epoch' + ts/1000 * interval '1 second' AS start_time, *
            FROM staging_events
            WHERE page='NextSong') events
            LEFT JOIN staging_songs songs
            ON events.song = songs.title
                AND events.artist = songs.artist_name
                AND events.length = songs.duration
    , parameters: None
[2025-02-20T09:33:19.334+0000] {sql.py:562} INFO - Rows affected: 6820
[2025-02-20T09:33:20.375+0000] {taskinstance.py:340} INFO - ::group::Post task execution logs
[2025-02-20T09:33:20.376+0000] {taskinstance.py:352} INFO - Marking task as SUCCESS. dag_id=etl_process, task_id=Load_songplays_fact_table, run_id=scheduled__2025-02-20T08:00:00+00:00, execution_date=20250220T080000, start_date=20250220T093313, end_date=20250220T093320
[2025-02-20T09:33:20.427+0000] {local_task_job_runner.py:266} INFO - Task exited with return code 0
[2025-02-20T09:33:20.445+0000] {taskinstance.py:3895} INFO - 4 downstream tasks scheduled from follow-on schedule check
[2025-02-20T09:33:20.450+0000] {local_task_job_runner.py:245} INFO - ::endgroup::
