[2025-02-20T09:33:21.387+0000] {local_task_job_runner.py:123} INFO - ::group::Pre task execution logs
[2025-02-20T09:33:21.400+0000] {taskinstance.py:2613} INFO - Dependencies all met for dep_context=non-requeueable deps ti=<TaskInstance: etl_process.Load_song_dim_table scheduled__2025-02-20T08:00:00+00:00 [queued]>
[2025-02-20T09:33:21.408+0000] {taskinstance.py:2613} INFO - Dependencies all met for dep_context=requeueable deps ti=<TaskInstance: etl_process.Load_song_dim_table scheduled__2025-02-20T08:00:00+00:00 [queued]>
[2025-02-20T09:33:21.408+0000] {taskinstance.py:2866} INFO - Starting attempt 1 of 4
[2025-02-20T09:33:21.419+0000] {taskinstance.py:2889} INFO - Executing <Task(LoadDimensionOperator): Load_song_dim_table> on 2025-02-20 08:00:00+00:00
[2025-02-20T09:33:21.426+0000] {logging_mixin.py:190} WARNING - /home/teesta/airflow/venv/lib/python3.12/site-packages/airflow/task/task_runner/standard_task_runner.py:70 DeprecationWarning: This process (pid=2759546) is multi-threaded, use of fork() may lead to deadlocks in the child.
[2025-02-20T09:33:21.427+0000] {standard_task_runner.py:72} INFO - Started process 2759668 to run task
[2025-02-20T09:33:21.426+0000] {standard_task_runner.py:104} INFO - Running: ['airflow', 'tasks', 'run', 'etl_process', 'Load_song_dim_table', 'scheduled__2025-02-20T08:00:00+00:00', '--job-id', '2175', '--raw', '--subdir', 'DAGS_FOLDER/project_etl.py', '--cfg-path', '/tmp/tmpbxrl2psj']
[2025-02-20T09:33:21.427+0000] {standard_task_runner.py:105} INFO - Job 2175: Subtask Load_song_dim_table
[2025-02-20T09:33:21.461+0000] {task_command.py:467} INFO - Running <TaskInstance: etl_process.Load_song_dim_table scheduled__2025-02-20T08:00:00+00:00 [running]> on host teesta
[2025-02-20T09:33:21.792+0000] {taskinstance.py:3132} INFO - Exporting env vars: AIRFLOW_CTX_DAG_OWNER='Shubham' AIRFLOW_CTX_DAG_ID='etl_process' AIRFLOW_CTX_TASK_ID='Load_song_dim_table' AIRFLOW_CTX_EXECUTION_DATE='2025-02-20T08:00:00+00:00' AIRFLOW_CTX_TRY_NUMBER='1' AIRFLOW_CTX_DAG_RUN_ID='scheduled__2025-02-20T08:00:00+00:00'
[2025-02-20T09:33:21.793+0000] {taskinstance.py:731} INFO - ::endgroup::
[2025-02-20T09:33:21.795+0000] {load_dimension.py:28} INFO - 

### Deleting data from Dimensional Table
[2025-02-20T09:33:21.803+0000] {base.py:84} INFO - Retrieving connection 'redshift'
[2025-02-20T09:33:23.671+0000] {sql.py:553} INFO - Running statement: TRUNCATE songs, parameters: None
[2025-02-20T09:33:25.459+0000] {load_dimension.py:31} INFO - 

### Loading Dimensional Table
[2025-02-20T09:33:27.210+0000] {sql.py:553} INFO - Running statement: INSERT INTO songs 
        SELECT distinct song_id, title, artist_id, year, duration
        FROM staging_songs
    , parameters: None
[2025-02-20T09:33:32.375+0000] {sql.py:562} INFO - Rows affected: 14896
[2025-02-20T09:33:33.390+0000] {taskinstance.py:340} INFO - ::group::Post task execution logs
[2025-02-20T09:33:33.390+0000] {taskinstance.py:352} INFO - Marking task as SUCCESS. dag_id=etl_process, task_id=Load_song_dim_table, run_id=scheduled__2025-02-20T08:00:00+00:00, execution_date=20250220T080000, start_date=20250220T093321, end_date=20250220T093333
[2025-02-20T09:33:33.433+0000] {local_task_job_runner.py:266} INFO - Task exited with return code 0
[2025-02-20T09:33:33.449+0000] {taskinstance.py:3895} INFO - 1 downstream tasks scheduled from follow-on schedule check
[2025-02-20T09:33:33.494+0000] {local_task_job_runner.py:245} INFO - ::endgroup::
