[2025-02-20T08:52:50.972+0000] {local_task_job_runner.py:123} INFO - ::group::Pre task execution logs
[2025-02-20T08:52:50.983+0000] {taskinstance.py:2613} INFO - Dependencies all met for dep_context=non-requeueable deps ti=<TaskInstance: create_tables_dag.create_time_table manual__2025-02-20T08:52:33.272398+00:00 [queued]>
[2025-02-20T08:52:50.990+0000] {taskinstance.py:2613} INFO - Dependencies all met for dep_context=requeueable deps ti=<TaskInstance: create_tables_dag.create_time_table manual__2025-02-20T08:52:33.272398+00:00 [queued]>
[2025-02-20T08:52:50.990+0000] {taskinstance.py:2866} INFO - Starting attempt 1 of 4
[2025-02-20T08:52:51.001+0000] {taskinstance.py:2889} INFO - Executing <Task(SQLExecuteQueryOperator): create_time_table> on 2025-02-20 08:52:33.272398+00:00
[2025-02-20T08:52:51.007+0000] {logging_mixin.py:190} WARNING - /home/teesta/airflow/venv/lib/python3.12/site-packages/airflow/task/task_runner/standard_task_runner.py:70 DeprecationWarning: This process (pid=856274) is multi-threaded, use of fork() may lead to deadlocks in the child.
[2025-02-20T08:52:51.008+0000] {standard_task_runner.py:72} INFO - Started process 856361 to run task
[2025-02-20T08:52:51.007+0000] {standard_task_runner.py:104} INFO - Running: ['airflow', 'tasks', 'run', 'create_tables_dag', 'create_time_table', 'manual__2025-02-20T08:52:33.272398+00:00', '--job-id', '2115', '--raw', '--subdir', 'DAGS_FOLDER/create_tables_dag.py', '--cfg-path', '/tmp/tmpq50v42mi']
[2025-02-20T08:52:51.008+0000] {standard_task_runner.py:105} INFO - Job 2115: Subtask create_time_table
[2025-02-20T08:52:51.038+0000] {task_command.py:467} INFO - Running <TaskInstance: create_tables_dag.create_time_table manual__2025-02-20T08:52:33.272398+00:00 [running]> on host teesta
[2025-02-20T08:52:51.095+0000] {taskinstance.py:3132} INFO - Exporting env vars: AIRFLOW_CTX_DAG_OWNER='airflow' AIRFLOW_CTX_DAG_ID='create_tables_dag' AIRFLOW_CTX_TASK_ID='create_time_table' AIRFLOW_CTX_EXECUTION_DATE='2025-02-20T08:52:33.272398+00:00' AIRFLOW_CTX_TRY_NUMBER='1' AIRFLOW_CTX_DAG_RUN_ID='manual__2025-02-20T08:52:33.272398+00:00'
[2025-02-20T08:52:51.096+0000] {taskinstance.py:731} INFO - ::endgroup::
[2025-02-20T08:52:51.110+0000] {sql.py:278} INFO - Executing: 
CREATE TABLE public."time" (
	start_time timestamp NOT NULL,
	"hour" int4,
	"day" int4,
	week int4,
	"month" varchar(256),
	"year" int4,
	weekday varchar(256),
	CONSTRAINT time_pkey PRIMARY KEY (start_time)
);
[2025-02-20T08:52:51.115+0000] {base.py:84} INFO - Retrieving connection 'redshift'
[2025-02-20T08:52:51.258+0000] {base.py:84} INFO - Retrieving connection 'redshift'
[2025-02-20T08:52:52.953+0000] {sql.py:553} INFO - Running statement: 
CREATE TABLE public."time" (
	start_time timestamp NOT NULL,
	"hour" int4,
	"day" int4,
	week int4,
	"month" varchar(256),
	"year" int4,
	weekday varchar(256),
	CONSTRAINT time_pkey PRIMARY KEY (start_time)
);, parameters: None
[2025-02-20T08:52:55.448+0000] {taskinstance.py:340} INFO - ::group::Post task execution logs
[2025-02-20T08:52:55.448+0000] {taskinstance.py:352} INFO - Marking task as SUCCESS. dag_id=create_tables_dag, task_id=create_time_table, run_id=manual__2025-02-20T08:52:33.272398+00:00, execution_date=20250220T085233, start_date=20250220T085250, end_date=20250220T085255
[2025-02-20T08:52:55.471+0000] {local_task_job_runner.py:266} INFO - Task exited with return code 0
[2025-02-20T08:52:55.489+0000] {taskinstance.py:3895} INFO - 1 downstream tasks scheduled from follow-on schedule check
[2025-02-20T08:52:55.492+0000] {local_task_job_runner.py:245} INFO - ::endgroup::
