[2025-02-20T08:53:06.103+0000] {local_task_job_runner.py:123} INFO - ::group::Pre task execution logs
[2025-02-20T08:53:06.114+0000] {taskinstance.py:2613} INFO - Dependencies all met for dep_context=non-requeueable deps ti=<TaskInstance: create_tables_dag.create_staging_songs_table manual__2025-02-20T08:52:33.272398+00:00 [queued]>
[2025-02-20T08:53:06.122+0000] {taskinstance.py:2613} INFO - Dependencies all met for dep_context=requeueable deps ti=<TaskInstance: create_tables_dag.create_staging_songs_table manual__2025-02-20T08:52:33.272398+00:00 [queued]>
[2025-02-20T08:53:06.122+0000] {taskinstance.py:2866} INFO - Starting attempt 1 of 4
[2025-02-20T08:53:06.133+0000] {taskinstance.py:2889} INFO - Executing <Task(SQLExecuteQueryOperator): create_staging_songs_table> on 2025-02-20 08:52:33.272398+00:00
[2025-02-20T08:53:06.139+0000] {logging_mixin.py:190} WARNING - /home/teesta/airflow/venv/lib/python3.12/site-packages/airflow/task/task_runner/standard_task_runner.py:70 DeprecationWarning: This process (pid=868627) is multi-threaded, use of fork() may lead to deadlocks in the child.
[2025-02-20T08:53:06.139+0000] {standard_task_runner.py:104} INFO - Running: ['airflow', 'tasks', 'run', 'create_tables_dag', 'create_staging_songs_table', 'manual__2025-02-20T08:52:33.272398+00:00', '--job-id', '2118', '--raw', '--subdir', 'DAGS_FOLDER/create_tables_dag.py', '--cfg-path', '/tmp/tmphwi65xni']
[2025-02-20T08:53:06.140+0000] {standard_task_runner.py:72} INFO - Started process 868735 to run task
[2025-02-20T08:53:06.140+0000] {standard_task_runner.py:105} INFO - Job 2118: Subtask create_staging_songs_table
[2025-02-20T08:53:06.172+0000] {task_command.py:467} INFO - Running <TaskInstance: create_tables_dag.create_staging_songs_table manual__2025-02-20T08:52:33.272398+00:00 [running]> on host teesta
[2025-02-20T08:53:06.231+0000] {taskinstance.py:3132} INFO - Exporting env vars: AIRFLOW_CTX_DAG_OWNER='airflow' AIRFLOW_CTX_DAG_ID='create_tables_dag' AIRFLOW_CTX_TASK_ID='create_staging_songs_table' AIRFLOW_CTX_EXECUTION_DATE='2025-02-20T08:52:33.272398+00:00' AIRFLOW_CTX_TRY_NUMBER='1' AIRFLOW_CTX_DAG_RUN_ID='manual__2025-02-20T08:52:33.272398+00:00'
[2025-02-20T08:53:06.232+0000] {taskinstance.py:731} INFO - ::endgroup::
[2025-02-20T08:53:06.246+0000] {sql.py:278} INFO - Executing: 
CREATE TABLE public.staging_songs (
	num_songs int4,
	artist_id varchar(256),
	artist_name varchar(256),
	artist_latitude numeric(18,0),
	artist_longitude numeric(18,0),
	artist_location varchar(256),
	song_id varchar(256),
	title varchar(256),
	duration numeric(18,0),
	"year" int4
);
[2025-02-20T08:53:06.251+0000] {base.py:84} INFO - Retrieving connection 'redshift'
[2025-02-20T08:53:06.391+0000] {base.py:84} INFO - Retrieving connection 'redshift'
[2025-02-20T08:53:07.997+0000] {sql.py:553} INFO - Running statement: 
CREATE TABLE public.staging_songs (
	num_songs int4,
	artist_id varchar(256),
	artist_name varchar(256),
	artist_latitude numeric(18,0),
	artist_longitude numeric(18,0),
	artist_location varchar(256),
	song_id varchar(256),
	title varchar(256),
	duration numeric(18,0),
	"year" int4
);, parameters: None
[2025-02-20T08:53:10.463+0000] {taskinstance.py:340} INFO - ::group::Post task execution logs
[2025-02-20T08:53:10.464+0000] {taskinstance.py:352} INFO - Marking task as SUCCESS. dag_id=create_tables_dag, task_id=create_staging_songs_table, run_id=manual__2025-02-20T08:52:33.272398+00:00, execution_date=20250220T085233, start_date=20250220T085306, end_date=20250220T085310
[2025-02-20T08:53:10.483+0000] {local_task_job_runner.py:266} INFO - Task exited with return code 0
[2025-02-20T08:53:10.493+0000] {taskinstance.py:3895} INFO - 0 downstream tasks scheduled from follow-on schedule check
[2025-02-20T08:53:10.493+0000] {local_task_job_runner.py:245} INFO - ::endgroup::
