[2025-02-20T09:04:06.045+0000] {local_task_job_runner.py:123} INFO - ::group::Pre task execution logs
[2025-02-20T09:04:06.053+0000] {taskinstance.py:2613} INFO - Dependencies all met for dep_context=non-requeueable deps ti=<TaskInstance: create_tables_dag.create_artists_table manual__2025-02-20T09:04:04.187341+00:00 [queued]>
[2025-02-20T09:04:06.060+0000] {taskinstance.py:2613} INFO - Dependencies all met for dep_context=requeueable deps ti=<TaskInstance: create_tables_dag.create_artists_table manual__2025-02-20T09:04:04.187341+00:00 [queued]>
[2025-02-20T09:04:06.060+0000] {taskinstance.py:2866} INFO - Starting attempt 1 of 4
[2025-02-20T09:04:06.072+0000] {taskinstance.py:2889} INFO - Executing <Task(SQLExecuteQueryOperator): create_artists_table> on 2025-02-20 09:04:04.187341+00:00
[2025-02-20T09:04:06.078+0000] {logging_mixin.py:190} WARNING - /home/teesta/airflow/venv/lib/python3.12/site-packages/airflow/task/task_runner/standard_task_runner.py:70 DeprecationWarning: This process (pid=1361819) is multi-threaded, use of fork() may lead to deadlocks in the child.
[2025-02-20T09:04:06.079+0000] {standard_task_runner.py:72} INFO - Started process 1361902 to run task
[2025-02-20T09:04:06.078+0000] {standard_task_runner.py:104} INFO - Running: ['airflow', 'tasks', 'run', 'create_tables_dag', 'create_artists_table', 'manual__2025-02-20T09:04:04.187341+00:00', '--job-id', '2161', '--raw', '--subdir', 'DAGS_FOLDER/create_tables_dag.py', '--cfg-path', '/tmp/tmpxsmnji6o']
[2025-02-20T09:04:06.079+0000] {standard_task_runner.py:105} INFO - Job 2161: Subtask create_artists_table
[2025-02-20T09:04:06.111+0000] {task_command.py:467} INFO - Running <TaskInstance: create_tables_dag.create_artists_table manual__2025-02-20T09:04:04.187341+00:00 [running]> on host teesta
[2025-02-20T09:04:06.175+0000] {taskinstance.py:3132} INFO - Exporting env vars: AIRFLOW_CTX_DAG_OWNER='airflow' AIRFLOW_CTX_DAG_ID='create_tables_dag' AIRFLOW_CTX_TASK_ID='create_artists_table' AIRFLOW_CTX_EXECUTION_DATE='2025-02-20T09:04:04.187341+00:00' AIRFLOW_CTX_TRY_NUMBER='1' AIRFLOW_CTX_DAG_RUN_ID='manual__2025-02-20T09:04:04.187341+00:00'
[2025-02-20T09:04:06.176+0000] {taskinstance.py:731} INFO - ::endgroup::
[2025-02-20T09:04:06.191+0000] {sql.py:278} INFO - Executing: 
CREATE TABLE public.artists (
	artistid varchar(256) NOT NULL,
	name varchar(256),
	location varchar(256),
	lattitude numeric(18,0),
	longitude numeric(18,0)
);
[2025-02-20T09:04:06.196+0000] {base.py:84} INFO - Retrieving connection 'redshift'
[2025-02-20T09:04:06.359+0000] {base.py:84} INFO - Retrieving connection 'redshift'
[2025-02-20T09:04:08.145+0000] {sql.py:553} INFO - Running statement: 
CREATE TABLE public.artists (
	artistid varchar(256) NOT NULL,
	name varchar(256),
	location varchar(256),
	lattitude numeric(18,0),
	longitude numeric(18,0)
);, parameters: None
[2025-02-20T09:04:11.028+0000] {taskinstance.py:340} INFO - ::group::Post task execution logs
[2025-02-20T09:04:11.029+0000] {taskinstance.py:352} INFO - Marking task as SUCCESS. dag_id=create_tables_dag, task_id=create_artists_table, run_id=manual__2025-02-20T09:04:04.187341+00:00, execution_date=20250220T090404, start_date=20250220T090406, end_date=20250220T090411
[2025-02-20T09:04:11.062+0000] {local_task_job_runner.py:266} INFO - Task exited with return code 0
[2025-02-20T09:04:11.080+0000] {taskinstance.py:3895} INFO - 1 downstream tasks scheduled from follow-on schedule check
[2025-02-20T09:04:11.081+0000] {standard_task_runner.py:217} INFO - Process not found (most likely exited), stop collecting metrics
[2025-02-20T09:04:11.084+0000] {local_task_job_runner.py:245} INFO - ::endgroup::
