[2025-02-20T09:04:32.881+0000] {local_task_job_runner.py:123} INFO - ::group::Pre task execution logs
[2025-02-20T09:04:32.891+0000] {taskinstance.py:2613} INFO - Dependencies all met for dep_context=non-requeueable deps ti=<TaskInstance: create_tables_dag.create_staging_events_table manual__2025-02-20T09:04:04.187341+00:00 [queued]>
[2025-02-20T09:04:32.899+0000] {taskinstance.py:2613} INFO - Dependencies all met for dep_context=requeueable deps ti=<TaskInstance: create_tables_dag.create_staging_events_table manual__2025-02-20T09:04:04.187341+00:00 [queued]>
[2025-02-20T09:04:32.899+0000] {taskinstance.py:2866} INFO - Starting attempt 1 of 4
[2025-02-20T09:04:32.910+0000] {taskinstance.py:2889} INFO - Executing <Task(SQLExecuteQueryOperator): create_staging_events_table> on 2025-02-20 09:04:04.187341+00:00
[2025-02-20T09:04:32.916+0000] {logging_mixin.py:190} WARNING - /home/teesta/airflow/venv/lib/python3.12/site-packages/airflow/task/task_runner/standard_task_runner.py:70 DeprecationWarning: This process (pid=1382423) is multi-threaded, use of fork() may lead to deadlocks in the child.
[2025-02-20T09:04:32.917+0000] {standard_task_runner.py:72} INFO - Started process 1383038 to run task
[2025-02-20T09:04:32.916+0000] {standard_task_runner.py:104} INFO - Running: ['airflow', 'tasks', 'run', 'create_tables_dag', 'create_staging_events_table', 'manual__2025-02-20T09:04:04.187341+00:00', '--job-id', '2166', '--raw', '--subdir', 'DAGS_FOLDER/create_tables_dag.py', '--cfg-path', '/tmp/tmpy8mwksdm']
[2025-02-20T09:04:32.917+0000] {standard_task_runner.py:105} INFO - Job 2166: Subtask create_staging_events_table
[2025-02-20T09:04:32.946+0000] {task_command.py:467} INFO - Running <TaskInstance: create_tables_dag.create_staging_events_table manual__2025-02-20T09:04:04.187341+00:00 [running]> on host teesta
[2025-02-20T09:04:33.007+0000] {taskinstance.py:3132} INFO - Exporting env vars: AIRFLOW_CTX_DAG_OWNER='airflow' AIRFLOW_CTX_DAG_ID='create_tables_dag' AIRFLOW_CTX_TASK_ID='create_staging_events_table' AIRFLOW_CTX_EXECUTION_DATE='2025-02-20T09:04:04.187341+00:00' AIRFLOW_CTX_TRY_NUMBER='1' AIRFLOW_CTX_DAG_RUN_ID='manual__2025-02-20T09:04:04.187341+00:00'
[2025-02-20T09:04:33.008+0000] {taskinstance.py:731} INFO - ::endgroup::
[2025-02-20T09:04:33.022+0000] {sql.py:278} INFO - Executing: 
CREATE TABLE public.staging_events (
	artist varchar(256),
	auth varchar(256),
	firstname varchar(256),
	gender varchar(256),
	iteminsession int4,
	lastname varchar(256),
	length numeric(18,0),
	"level" varchar(256),
	location varchar(256),
	"method" varchar(256),
	page varchar(256),
	registration numeric(18,0),
	sessionid int4,
	song varchar(256),
	status int4,
	ts int8,
	useragent varchar(256),
	userid int4
);
[2025-02-20T09:04:33.027+0000] {base.py:84} INFO - Retrieving connection 'redshift'
[2025-02-20T09:04:33.181+0000] {base.py:84} INFO - Retrieving connection 'redshift'
[2025-02-20T09:04:34.825+0000] {sql.py:553} INFO - Running statement: 
CREATE TABLE public.staging_events (
	artist varchar(256),
	auth varchar(256),
	firstname varchar(256),
	gender varchar(256),
	iteminsession int4,
	lastname varchar(256),
	length numeric(18,0),
	"level" varchar(256),
	location varchar(256),
	"method" varchar(256),
	page varchar(256),
	registration numeric(18,0),
	sessionid int4,
	song varchar(256),
	status int4,
	ts int8,
	useragent varchar(256),
	userid int4
);, parameters: None
[2025-02-20T09:04:37.289+0000] {taskinstance.py:340} INFO - ::group::Post task execution logs
[2025-02-20T09:04:37.289+0000] {taskinstance.py:352} INFO - Marking task as SUCCESS. dag_id=create_tables_dag, task_id=create_staging_events_table, run_id=manual__2025-02-20T09:04:04.187341+00:00, execution_date=20250220T090404, start_date=20250220T090432, end_date=20250220T090437
[2025-02-20T09:04:37.340+0000] {local_task_job_runner.py:266} INFO - Task exited with return code 0
[2025-02-20T09:04:37.360+0000] {taskinstance.py:3895} INFO - 1 downstream tasks scheduled from follow-on schedule check
[2025-02-20T09:04:37.364+0000] {local_task_job_runner.py:245} INFO - ::endgroup::
