[2025-02-20T08:52:35.018+0000] {local_task_job_runner.py:123} INFO - ::group::Pre task execution logs
[2025-02-20T08:52:35.029+0000] {taskinstance.py:2613} INFO - Dependencies all met for dep_context=non-requeueable deps ti=<TaskInstance: create_tables_dag.create_artists_table manual__2025-02-20T08:52:33.272398+00:00 [queued]>
[2025-02-20T08:52:35.037+0000] {taskinstance.py:2613} INFO - Dependencies all met for dep_context=requeueable deps ti=<TaskInstance: create_tables_dag.create_artists_table manual__2025-02-20T08:52:33.272398+00:00 [queued]>
[2025-02-20T08:52:35.037+0000] {taskinstance.py:2866} INFO - Starting attempt 1 of 4
[2025-02-20T08:52:35.049+0000] {taskinstance.py:2889} INFO - Executing <Task(SQLExecuteQueryOperator): create_artists_table> on 2025-02-20 08:52:33.272398+00:00
[2025-02-20T08:52:35.055+0000] {logging_mixin.py:190} WARNING - /home/teesta/airflow/venv/lib/python3.12/site-packages/airflow/task/task_runner/standard_task_runner.py:70 DeprecationWarning: This process (pid=843089) is multi-threaded, use of fork() may lead to deadlocks in the child.
[2025-02-20T08:52:35.056+0000] {standard_task_runner.py:72} INFO - Started process 843168 to run task
[2025-02-20T08:52:35.055+0000] {standard_task_runner.py:104} INFO - Running: ['airflow', 'tasks', 'run', 'create_tables_dag', 'create_artists_table', 'manual__2025-02-20T08:52:33.272398+00:00', '--job-id', '2112', '--raw', '--subdir', 'DAGS_FOLDER/create_tables_dag.py', '--cfg-path', '/tmp/tmpw2i74nvn']
[2025-02-20T08:52:35.056+0000] {standard_task_runner.py:105} INFO - Job 2112: Subtask create_artists_table
[2025-02-20T08:52:35.088+0000] {task_command.py:467} INFO - Running <TaskInstance: create_tables_dag.create_artists_table manual__2025-02-20T08:52:33.272398+00:00 [running]> on host teesta
[2025-02-20T08:52:35.149+0000] {taskinstance.py:3132} INFO - Exporting env vars: AIRFLOW_CTX_DAG_OWNER='airflow' AIRFLOW_CTX_DAG_ID='create_tables_dag' AIRFLOW_CTX_TASK_ID='create_artists_table' AIRFLOW_CTX_EXECUTION_DATE='2025-02-20T08:52:33.272398+00:00' AIRFLOW_CTX_TRY_NUMBER='1' AIRFLOW_CTX_DAG_RUN_ID='manual__2025-02-20T08:52:33.272398+00:00'
[2025-02-20T08:52:35.150+0000] {taskinstance.py:731} INFO - ::endgroup::
[2025-02-20T08:52:35.165+0000] {sql.py:278} INFO - Executing: 
CREATE TABLE public.artists (
	artistid varchar(256) NOT NULL,
	name varchar(256),
	location varchar(256),
	lattitude numeric(18,0),
	longitude numeric(18,0)
);
[2025-02-20T08:52:35.170+0000] {base.py:84} INFO - Retrieving connection 'redshift'
[2025-02-20T08:52:35.315+0000] {base.py:84} INFO - Retrieving connection 'redshift'
[2025-02-20T08:52:37.033+0000] {sql.py:553} INFO - Running statement: 
CREATE TABLE public.artists (
	artistid varchar(256) NOT NULL,
	name varchar(256),
	location varchar(256),
	lattitude numeric(18,0),
	longitude numeric(18,0)
);, parameters: None
[2025-02-20T08:52:39.773+0000] {taskinstance.py:340} INFO - ::group::Post task execution logs
[2025-02-20T08:52:39.773+0000] {taskinstance.py:352} INFO - Marking task as SUCCESS. dag_id=create_tables_dag, task_id=create_artists_table, run_id=manual__2025-02-20T08:52:33.272398+00:00, execution_date=20250220T085233, start_date=20250220T085235, end_date=20250220T085239
[2025-02-20T08:52:39.800+0000] {local_task_job_runner.py:266} INFO - Task exited with return code 0
[2025-02-20T08:52:39.817+0000] {taskinstance.py:3895} INFO - 1 downstream tasks scheduled from follow-on schedule check
[2025-02-20T08:52:39.886+0000] {local_task_job_runner.py:245} INFO - ::endgroup::
