[2025-02-20T08:52:45.928+0000] {local_task_job_runner.py:123} INFO - ::group::Pre task execution logs
[2025-02-20T08:52:45.938+0000] {taskinstance.py:2613} INFO - Dependencies all met for dep_context=non-requeueable deps ti=<TaskInstance: create_tables_dag.create_songs_table manual__2025-02-20T08:52:33.272398+00:00 [queued]>
[2025-02-20T08:52:45.945+0000] {taskinstance.py:2613} INFO - Dependencies all met for dep_context=requeueable deps ti=<TaskInstance: create_tables_dag.create_songs_table manual__2025-02-20T08:52:33.272398+00:00 [queued]>
[2025-02-20T08:52:45.945+0000] {taskinstance.py:2866} INFO - Starting attempt 1 of 4
[2025-02-20T08:52:45.959+0000] {taskinstance.py:2889} INFO - Executing <Task(SQLExecuteQueryOperator): create_songs_table> on 2025-02-20 08:52:33.272398+00:00
[2025-02-20T08:52:45.965+0000] {logging_mixin.py:190} WARNING - /home/teesta/airflow/venv/lib/python3.12/site-packages/airflow/task/task_runner/standard_task_runner.py:70 DeprecationWarning: This process (pid=851983) is multi-threaded, use of fork() may lead to deadlocks in the child.
[2025-02-20T08:52:45.966+0000] {standard_task_runner.py:72} INFO - Started process 852090 to run task
[2025-02-20T08:52:45.965+0000] {standard_task_runner.py:104} INFO - Running: ['airflow', 'tasks', 'run', 'create_tables_dag', 'create_songs_table', 'manual__2025-02-20T08:52:33.272398+00:00', '--job-id', '2114', '--raw', '--subdir', 'DAGS_FOLDER/create_tables_dag.py', '--cfg-path', '/tmp/tmp9900w3o9']
[2025-02-20T08:52:45.966+0000] {standard_task_runner.py:105} INFO - Job 2114: Subtask create_songs_table
[2025-02-20T08:52:45.995+0000] {task_command.py:467} INFO - Running <TaskInstance: create_tables_dag.create_songs_table manual__2025-02-20T08:52:33.272398+00:00 [running]> on host teesta
[2025-02-20T08:52:46.049+0000] {taskinstance.py:3132} INFO - Exporting env vars: AIRFLOW_CTX_DAG_OWNER='airflow' AIRFLOW_CTX_DAG_ID='create_tables_dag' AIRFLOW_CTX_TASK_ID='create_songs_table' AIRFLOW_CTX_EXECUTION_DATE='2025-02-20T08:52:33.272398+00:00' AIRFLOW_CTX_TRY_NUMBER='1' AIRFLOW_CTX_DAG_RUN_ID='manual__2025-02-20T08:52:33.272398+00:00'
[2025-02-20T08:52:46.049+0000] {taskinstance.py:731} INFO - ::endgroup::
[2025-02-20T08:52:46.063+0000] {sql.py:278} INFO - Executing: 
CREATE TABLE public.songs (
	songid varchar(256) NOT NULL,
	title varchar(256),
	artistid varchar(256),
	"year" int4,
	duration numeric(18,0),
	CONSTRAINT songs_pkey PRIMARY KEY (songid)
);
[2025-02-20T08:52:46.068+0000] {base.py:84} INFO - Retrieving connection 'redshift'
[2025-02-20T08:52:46.202+0000] {base.py:84} INFO - Retrieving connection 'redshift'
[2025-02-20T08:52:47.799+0000] {sql.py:553} INFO - Running statement: 
CREATE TABLE public.songs (
	songid varchar(256) NOT NULL,
	title varchar(256),
	artistid varchar(256),
	"year" int4,
	duration numeric(18,0),
	CONSTRAINT songs_pkey PRIMARY KEY (songid)
);, parameters: None
[2025-02-20T08:52:50.213+0000] {taskinstance.py:340} INFO - ::group::Post task execution logs
[2025-02-20T08:52:50.213+0000] {taskinstance.py:352} INFO - Marking task as SUCCESS. dag_id=create_tables_dag, task_id=create_songs_table, run_id=manual__2025-02-20T08:52:33.272398+00:00, execution_date=20250220T085233, start_date=20250220T085245, end_date=20250220T085250
[2025-02-20T08:52:50.268+0000] {local_task_job_runner.py:266} INFO - Task exited with return code 0
[2025-02-20T08:52:50.286+0000] {taskinstance.py:3895} INFO - 1 downstream tasks scheduled from follow-on schedule check
[2025-02-20T08:52:50.290+0000] {local_task_job_runner.py:245} INFO - ::endgroup::
